<?xml version="1.0" encoding="UTF-8"?>
<!-- Generated by org.testng.reporters.JUnitXMLReporter -->
<testsuite hostname="LAPTOP-URDNL5DL" ignored="0" name="Default test" tests="28" failures="0" timestamp="2022-09-30T21:07:36 IST" time="9.374" errors="0">
  <testcase name="S" time="0.014" classname="com.My_Maven_Projects.Testng"/>
  <testcase name="R" time="0.002" classname="com.My_Maven_Projects.Testng"/>
  <testcase name="I" time="0.002" classname="com.My_Maven_Projects.Testng"/>
  <testcase name="A" time="0.001" classname="com.My_Maven_Projects.Testng"/>
  <testcase name="B" time="0.001" classname="com.My_Maven_Projects.Testng"/>
  <testcase name="C" time="0.002" classname="com.My_Maven_Projects.Testng"/>
  <testcase name="D" time="0.002" classname="com.My_Maven_Projects.Testng"/>
  <testcase name="E" time="0.002" classname="com.My_Maven_Projects.Testng"/>
  <testcase name="F" time="0.001" classname="com.My_Maven_Projects.Testng"/>
  <testcase name="G" time="0.002" classname="com.My_Maven_Projects.Testng"/>
  <testcase name="H" time="0.001" classname="com.My_Maven_Projects.Testng"/>
  <testcase name="J" time="0.002" classname="com.My_Maven_Projects.Testng"/>
  <testcase name="J" time="0.001" classname="com.My_Maven_Projects.Testng"/>
  <testcase name="K" time="0.001" classname="com.My_Maven_Projects.Testng"/>
  <testcase name="L" time="0.001" classname="com.My_Maven_Projects.Testng"/>
  <testcase name="M" time="0.001" classname="com.My_Maven_Projects.Testng"/>
  <testcase name="N" time="0.001" classname="com.My_Maven_Projects.Testng"/>
  <testcase name="O" time="0.001" classname="com.My_Maven_Projects.Testng"/>
  <testcase name="P" time="0.001" classname="com.My_Maven_Projects.Testng"/>
  <testcase name="Q" time="0.0" classname="com.My_Maven_Projects.Testng"/>
  <testcase name="T" time="0.001" classname="com.My_Maven_Projects.Testng"/>
  <testcase name="U" time="0.001" classname="com.My_Maven_Projects.Testng"/>
  <testcase name="V" time="0.002" classname="com.My_Maven_Projects.Testng"/>
  <testcase name="X" time="0.002" classname="com.My_Maven_Projects.Testng"/>
  <testcase name="Y" time="0.001" classname="com.My_Maven_Projects.Testng"/>
  <testcase name="Z" time="0.001" classname="com.My_Maven_Projects.Testng"/>
  <testcase name="facebook" time="6.347" classname="com.My_Maven_Projects.Testng"/>
  <testcase name="hotstar" time="2.864" classname="com.My_Maven_Projects.Testng"/>
</testsuite> <!-- Default test -->
